┌─────────────────────────────────────┬───────┬────────┬───────────┐
│                               Phase │ Epoch │   Loss │ train_acc │
├─────────────────────────────────────┼───────┼────────┼───────────┤
│ FluxTraining.Phases.TrainingPhase() │   1.0 │ 0.6891 │   0.55349 │
└─────────────────────────────────────┴───────┴────────┴───────────┘
┌───────────────────────────────────────┬───────┬─────────┬─────────┐
│                                 Phase │ Epoch │ val_acc │    Loss │
├───────────────────────────────────────┼───────┼─────────┼─────────┤
│ FluxTraining.Phases.ValidationPhase() │   1.0 │ 0.55645 │ 0.68577 │
└───────────────────────────────────────┴───────┴─────────┴─────────┘
┌─────────────────────────────────────┬───────┬─────────┬───────────┐
│                               Phase │ Epoch │    Loss │ train_acc │
├─────────────────────────────────────┼───────┼─────────┼───────────┤
│ FluxTraining.Phases.TrainingPhase() │   2.0 │ 0.68806 │   0.55101 │
└─────────────────────────────────────┴───────┴─────────┴───────────┘
┌───────────────────────────────────────┬───────┬─────────┬─────────┐
│                                 Phase │ Epoch │ val_acc │    Loss │
├───────────────────────────────────────┼───────┼─────────┼─────────┤
│ FluxTraining.Phases.ValidationPhase() │   2.0 │ 0.53445 │ 0.69091 │
└───────────────────────────────────────┴───────┴─────────┴─────────┘
